# JRE version: Java(TM) SE Runtime Environment 18.9 (11.0.13+10) (build 11.0.13+10-LTS-370)
# Java VM: Java HotSpot(TM) 64-Bit Server VM 18.9 (11.0.13+10-LTS-370, mixed mode, tiered, compressed oops, g1 gc, windows-amd64)
Heap:
 garbage-first heap   total 131072K, used 15042K [0x0000000080000000, 0x0000000100000000)
  region size 1024K, 11 young (11264K), 2 survivors (2048K)
 Metaspace       used 13302K, capacity 13571K, committed 13696K, reserved 1067008K
  class space    used 1429K, capacity 1563K, committed 1664K, reserved 1048576K
GC Heap History (7 events):
Event: 0.392 GC heap before
{Heap before GC invocations=0 (full 0):
 garbage-first heap   total 131072K, used 7168K [0x0000000080000000, 0x0000000100000000)
  region size 1024K, 7 young (7168K), 0 survivors (0K)
 Metaspace       used 5127K, capacity 5188K, committed 5376K, reserved 1056768K
  class space    used 454K, capacity 496K, committed 512K, reserved 1048576K
}
Event: 0.397 GC heap after
{Heap after GC invocations=1 (full 0):
 garbage-first heap   total 131072K, used 4876K [0x0000000080000000, 0x0000000100000000)
  region size 1024K, 1 young (1024K), 1 survivors (1024K)
 Metaspace       used 5127K, capacity 5188K, committed 5376K, reserved 1056768K
  class space    used 454K, capacity 496K, committed 512K, reserved 1048576K
}
Event: 0.596 GC heap before
{Heap before GC invocations=1 (full 0):
 garbage-first heap   total 131072K, used 8972K [0x0000000080000000, 0x0000000100000000)
  region size 1024K, 6 young (6144K), 1 survivors (1024K)
 Metaspace       used 8158K, capacity 8259K, committed 8576K, reserved 1056768K
  class space    used 742K, capacity 795K, committed 896K, reserved 1048576K
}
Event: 0.601 GC heap after
{Heap after GC invocations=2 (full 0):
 garbage-first heap   total 131072K, used 5836K [0x0000000080000000, 0x0000000100000000)
  region size 1024K, 1 young (1024K), 1 survivors (1024K)
 Metaspace       used 8158K, capacity 8259K, committed 8576K, reserved 1056768K
  class space    used 742K, capacity 795K, committed 896K, reserved 1048576K
}
Event: 0.896 GC heap before
{Heap before GC invocations=2 (full 0):
 garbage-first heap   total 131072K, used 17100K [0x0000000080000000, 0x0000000100000000)
  region size 1024K, 12 young (12288K), 1 survivors (1024K)
 Metaspace       used 10836K, capacity 11030K, committed 11264K, reserved 1058816K
  class space    used 1124K, capacity 1220K, committed 1280K, reserved 1048576K
}
Event: 0.901 GC heap after
{Heap after GC invocations=3 (full 0):
 garbage-first heap   total 131072K, used 6521K [0x0000000080000000, 0x0000000100000000)
  region size 1024K, 2 young (2048K), 2 survivors (2048K)
 Metaspace       used 10836K, capacity 11030K, committed 11264K, reserved 1058816K
  class space    used 1124K, capacity 1220K, committed 1280K, reserved 1048576K
}
Event: 1.112 GC heap before
{Heap before GC invocations=3 (full 0):
 garbage-first heap   total 131072K, used 14713K [0x0000000080000000, 0x0000000100000000)
  region size 1024K, 11 young (11264K), 2 survivors (2048K)
 Metaspace       used 13302K, capacity 13571K, committed 13696K, reserved 1067008K
  class space    used 1429K, capacity 1563K, committed 1664K, reserved 1048576K
}

